<?xml version="1.0" encoding="UTF-8"?>
<!-- Generated by org.testng.reporters.JUnitReportReporter -->
<testsuite hostname="LAPTOP-KOQGAUMP" failures="0" tests="1" name="testFunctional.ValidateSearch" time="15.589" errors="0" timestamp="17 Jan. 2021 13:58:02 GMT" skipped="0">
  <testcase classname="testFunctional.ValidateSearch" name="ValidSearch" time="15.589"/>
</testsuite> <!-- testFunctional.ValidateSearch -->
