<?xml version="1.0" encoding="UTF-8"?>
<!-- Generated by org.testng.reporters.JUnitReportReporter -->
<testsuite hostname="LAPTOP-KOQGAUMP" failures="0" tests="1" name="testFunctional.ValidateSearch" time="67.753" errors="0" timestamp="17 Jan. 2021 14:23:15 GMT" skipped="0">
  <testcase classname="testFunctional.ValidateSearch" name="ValidSearch" time="67.753"/>
</testsuite> <!-- testFunctional.ValidateSearch -->
