<?xml version="1.0" encoding="UTF-8"?>
<!-- Generated by org.testng.reporters.JUnitReportReporter -->
<testsuite hostname="LAPTOP-KOQGAUMP" failures="0" tests="1" name="testImprovsd.Browserinit" time="12.600" errors="0" timestamp="16 Jan. 2021 16:22:40 GMT" skipped="0">
  <testcase classname="testImprovsd.Browserinit" name="launch" time="12.600"/>
</testsuite> <!-- testImprovsd.Browserinit -->
